<?xml version="1.0" encoding="UTF-8"?>
<!-- Generated by org.testng.reporters.JUnitXMLReporter -->
<testsuite ignored="5" hostname="Nagarros-MBP" failures="0" tests="1" name="Command line test" time="2.702" errors="0" timestamp="08 Oct 2021 12:48:29 GMT">
  <testcase classname="com.graphql.test.GraphqlQueryTest" name="TestMutationWithVariable" time="2.686"/>
  <testcase classname="com.graphql.test.GraphqlQueryTest" name="getDataUsingAuth" time="0.0">
    <ignored/>
  </testcase> <!-- getDataUsingAuth -->
  <testcase classname="com.graphql.test.GraphqlQueryTest" name="getAllFilmName" time="0.0">
    <ignored/>
  </testcase> <!-- getAllFilmName -->
  <testcase classname="com.graphql.test.GraphqlQueryTest" name="getUserDataWithPojo" time="0.0">
    <ignored/>
  </testcase> <!-- getUserDataWithPojo -->
  <testcase classname="com.graphql.test.GraphqlQueryTest" name="TestMutationWithoutPojo" time="0.0">
    <ignored/>
  </testcase> <!-- TestMutationWithoutPojo -->
  <testcase classname="com.graphql.test.GraphqlQueryTest" name="testGraphqlfromFile" time="0.0">
    <ignored/>
  </testcase> <!-- testGraphqlfromFile -->
</testsuite> <!-- Command line test -->
