<?xml version="1.0" encoding="UTF-8"?>
<!-- Generated by org.testng.reporters.JUnitXMLReporter -->
<testsuite ignored="5" hostname="Nagarros-MBP" failures="0" tests="1" name="Default test" time="2.433" errors="0" timestamp="21 Aug 2021 10:58:53 GMT">
  <testcase classname="com.graphql.test.GraphqlQueryTest" name="TestMutationWithVariable" time="2.412"/>
  <testcase classname="com.graphql.test.GraphqlQueryTest" name="getDataUsingAuth" time="0.0">
    <ignored/>
  </testcase> <!-- getDataUsingAuth -->
  <testcase classname="com.graphql.test.GraphqlQueryTest" name="getAllFilmName" time="0.0">
    <ignored/>
  </testcase> <!-- getAllFilmName -->
  <testcase classname="com.graphql.test.GraphqlQueryTest" name="getUserDataWithPojo" time="0.0">
    <ignored/>
  </testcase> <!-- getUserDataWithPojo -->
  <testcase classname="com.graphql.test.GraphqlQueryTest" name="TestMutationWithoutPojo" time="0.0">
    <ignored/>
  </testcase> <!-- TestMutationWithoutPojo -->
  <testcase classname="com.graphql.test.GraphqlQueryTest" name="testGraphqlfromFile" time="0.0">
    <ignored/>
  </testcase> <!-- testGraphqlfromFile -->
</testsuite> <!-- Default test -->
