<?xml version="1.0" encoding="UTF-8"?>
<testng-results ignored="5" total="6" passed="1" failed="0" skipped="0">
  <reporter-output>
  </reporter-output>
  <suite started-at="2021-10-08T12:48:26Z" name="com.graphql.test.GraphqlQueryTest" finished-at="2021-10-08T12:48:29Z" duration-ms="2702">
    <groups>
    </groups>
    <test started-at="2021-10-08T12:48:26Z" name="Command line test" finished-at="2021-10-08T12:48:29Z" duration-ms="2702">
      <class name="com.graphql.test.GraphqlQueryTest">
        <test-method signature="TestMutationWithVariable(int, java.lang.String)[pri:0, instance:com.graphql.test.GraphqlQueryTest@36c88a32]" started-at="2021-10-08T12:48:26Z" name="TestMutationWithVariable" data-provider="getMutationData" finished-at="2021-10-08T12:48:29Z" duration-ms="2686" status="PASS">
          <params>
            <param index="0">
              <value>
                <![CDATA[7]]>
              </value>
            </param>
            <param index="1">
              <value>
                <![CDATA[CherryRed]]>
              </value>
            </param>
          </params>
          <reporter-output>
          </reporter-output>
        </test-method> <!-- TestMutationWithVariable -->
      </class> <!-- com.graphql.test.GraphqlQueryTest -->
    </test> <!-- Command line test -->
  </suite> <!-- com.graphql.test.GraphqlQueryTest -->
</testng-results>
